2023-04-18 20:46:32 INFO  Log:14 - ************
2023-04-18 20:46:32 INFO  Log:15 - ************
2023-04-18 20:46:32 INFO  Log:16 - *******This is beginning of my Test case*******
2023-04-18 20:46:32 INFO  Log:26 - My Test case is executing right now
2023-04-18 20:46:32 INFO  Log:30 - My Test case might have some trivial issues
2023-04-18 20:47:29 INFO  Log:26 - This test case is about to get completed
2023-04-18 20:47:29 INFO  Log:20 - ###################
2023-04-18 20:47:29 INFO  Log:21 - ###################
2023-04-18 20:47:29 INFO  Log:22 - ###########This test case is finished############
2023-04-18 20:47:42 INFO  Log:14 - ************
2023-04-18 20:47:42 INFO  Log:15 - ************
2023-04-18 20:47:42 INFO  Log:16 - *******This is beginning of my Test case*******
2023-04-18 20:47:42 INFO  Log:26 - My Test case is executing right now
2023-04-18 20:47:42 INFO  Log:30 - My Test case might have some trivial issues
2023-04-18 20:48:09 INFO  Log:26 - This test case is about to get completed
2023-04-18 20:48:09 INFO  Log:20 - ###################
2023-04-18 20:48:09 INFO  Log:21 - ###################
2023-04-18 20:48:09 INFO  Log:22 - ###########This test case is finished############
2023-04-20 21:53:15 INFO  Log:14 - ************
2023-04-20 21:53:15 INFO  Log:15 - ************
2023-04-20 21:53:15 INFO  Log:16 - *******This is beginning of my Test case*******
2023-04-20 21:53:15 INFO  Log:26 - My Test case is executing right now
2023-04-20 21:53:15 INFO  Log:30 - My Test case might have some trivial issues
2023-04-20 21:53:21 INFO  Log:26 - This test case is about to get completed
2023-04-20 21:53:21 INFO  Log:20 - ###################
2023-04-20 21:53:21 INFO  Log:21 - ###################
2023-04-20 21:53:21 INFO  Log:22 - ###########This test case is finished############
2023-04-21 15:12:45 INFO  Log:14 - ************
2023-04-21 15:12:45 INFO  Log:15 - ************
2023-04-21 15:12:45 INFO  Log:16 - *******This is beginning of my Test case*******
2023-04-21 15:12:45 INFO  Log:26 - My Test case is executing right now
2023-04-21 15:12:45 INFO  Log:30 - My Test case might have some trivial issues
2023-04-21 15:12:52 INFO  Log:26 - This test case is about to get completed
2023-04-21 15:12:52 INFO  Log:20 - ###################
2023-04-21 15:12:52 INFO  Log:21 - ###################
2023-04-21 15:12:52 INFO  Log:22 - ###########This test case is finished############
2023-04-21 15:12:54 INFO  Log:14 - ************
2023-04-21 15:12:54 INFO  Log:15 - ************
2023-04-21 15:12:54 INFO  Log:16 - *******This is beginning of my Test case*******
2023-04-21 15:12:54 INFO  Log:26 - My Test case is executing right now
2023-04-21 15:12:54 INFO  Log:30 - My Test case might have some trivial issues
2023-04-21 15:13:17 INFO  Log:26 - This test case is about to get completed
2023-04-21 15:13:17 INFO  Log:20 - ###################
2023-04-21 15:13:17 INFO  Log:21 - ###################
2023-04-21 15:13:17 INFO  Log:22 - ###########This test case is finished############
2023-04-21 15:38:40 INFO  Log:10 - *****************************
2023-04-21 15:38:40 INFO  Log:11 - *****************************
2023-04-21 15:38:40 INFO  Log:12 - ********This is the beginning of my Test case**********
2023-04-21 15:38:40 INFO  Log:23 - My test case is executing right now
2023-04-21 15:38:40 INFO  Log:27 - My test case might have some trivial issues
2023-04-21 15:38:47 INFO  Log:23 - This test case is about to get completed
2023-04-21 15:38:47 INFO  Log:17 - ######################################
2023-04-21 15:38:47 INFO  Log:18 - ######################################
2023-04-21 15:38:47 INFO  Log:19 - #################This test case is finished#####################
2023-04-21 15:39:20 INFO  Log:10 - *****************************
2023-04-21 15:39:20 INFO  Log:11 - *****************************
2023-04-21 15:39:20 INFO  Log:12 - ********This is the beginning of my Test case**********
2023-04-21 15:39:20 INFO  Log:23 - My test case is executing right now
2023-04-21 15:39:20 INFO  Log:27 - My test case might have some trivial issues
2023-04-21 15:39:27 INFO  Log:23 - This test case is about to get completed
2023-04-21 15:39:27 INFO  Log:17 - ######################################
2023-04-21 15:39:27 INFO  Log:18 - ######################################
2023-04-21 15:39:27 INFO  Log:19 - #################This test case is finished#####################
2023-04-23 19:26:10 INFO  Log:10 - *****************************
2023-04-23 19:26:10 INFO  Log:11 - *****************************
2023-04-23 19:26:10 INFO  Log:12 - ********This is the beginning of my Test case**********
2023-04-23 19:26:10 INFO  Log:23 - My test case is executing right now
2023-04-23 19:26:10 INFO  Log:27 - My test case might have some trivial issues
2023-04-23 19:26:17 INFO  Log:23 - This test case is about to get completed
2023-04-23 19:26:17 INFO  Log:17 - ######################################
2023-04-23 19:26:17 INFO  Log:18 - ######################################
2023-04-23 19:26:17 INFO  Log:19 - #################This test case is finished#####################
2023-04-23 19:26:19 INFO  Log:10 - *****************************
2023-04-23 19:26:19 INFO  Log:11 - *****************************
2023-04-23 19:26:19 INFO  Log:12 - ********This is the beginning of my Test case**********
2023-04-23 19:26:19 INFO  Log:23 - My test case is executing right now
2023-04-23 19:26:19 INFO  Log:27 - My test case might have some trivial issues
2023-04-23 19:26:27 INFO  Log:23 - This test case is about to get completed
2023-04-23 19:26:27 INFO  Log:17 - ######################################
2023-04-23 19:26:27 INFO  Log:18 - ######################################
2023-04-23 19:26:27 INFO  Log:19 - #################This test case is finished#####################
2023-04-23 19:26:29 INFO  Log:10 - *****************************
2023-04-23 19:26:29 INFO  Log:11 - *****************************
2023-04-23 19:26:29 INFO  Log:12 - ********This is the beginning of my Test case**********
2023-04-23 19:26:29 INFO  Log:23 - My test case is executing right now
2023-04-23 19:26:29 INFO  Log:27 - My test case might have some trivial issues
2023-04-23 19:26:45 INFO  Log:23 - This test case is about to get completed
2023-04-23 19:26:45 INFO  Log:17 - ######################################
2023-04-23 19:26:45 INFO  Log:18 - ######################################
2023-04-23 19:26:45 INFO  Log:19 - #################This test case is finished#####################
2023-04-23 19:26:47 INFO  Log:10 - *****************************
2023-04-23 19:26:47 INFO  Log:11 - *****************************
2023-04-23 19:26:47 INFO  Log:12 - ********This is the beginning of my Test case**********
2023-04-23 19:26:47 INFO  Log:23 - My test case is executing right now
2023-04-23 19:26:47 INFO  Log:27 - My test case might have some trivial issues
2023-04-23 19:26:49 INFO  Log:10 - *****************************
2023-04-23 19:26:49 INFO  Log:11 - *****************************
2023-04-23 19:26:49 INFO  Log:12 - ********This is the beginning of my Test case**********
2023-04-23 19:26:49 INFO  Log:23 - My test case is executing right now
2023-04-23 19:26:49 INFO  Log:27 - My test case might have some trivial issues
2023-04-23 19:26:52 INFO  Log:23 - This test case is about to get completed
2023-04-23 19:26:52 INFO  Log:17 - ######################################
2023-04-23 19:26:52 INFO  Log:18 - ######################################
2023-04-23 19:26:52 INFO  Log:19 - #################This test case is finished#####################
2023-04-23 19:26:54 INFO  Log:10 - *****************************
2023-04-23 19:26:54 INFO  Log:11 - *****************************
2023-04-23 19:26:54 INFO  Log:12 - ********This is the beginning of my Test case**********
2023-04-23 19:26:54 INFO  Log:23 - My test case is executing right now
2023-04-23 19:26:54 INFO  Log:27 - My test case might have some trivial issues
2023-04-23 19:26:56 INFO  Log:23 - This test case is about to get completed
2023-04-23 19:26:56 INFO  Log:17 - ######################################
2023-04-23 19:26:56 INFO  Log:18 - ######################################
2023-04-23 19:26:56 INFO  Log:19 - #################This test case is finished#####################
2023-04-23 19:26:58 INFO  Log:10 - *****************************
2023-04-23 19:26:58 INFO  Log:11 - *****************************
2023-04-23 19:26:58 INFO  Log:12 - ********This is the beginning of my Test case**********
2023-04-23 19:26:58 INFO  Log:23 - My test case is executing right now
2023-04-23 19:26:58 INFO  Log:27 - My test case might have some trivial issues
2023-04-23 19:27:04 INFO  Log:23 - This test case is about to get completed
2023-04-23 19:27:04 INFO  Log:17 - ######################################
2023-04-23 19:27:04 INFO  Log:18 - ######################################
2023-04-23 19:27:04 INFO  Log:19 - #################This test case is finished#####################
2023-04-23 19:27:11 INFO  Log:10 - *****************************
2023-04-23 19:27:11 INFO  Log:11 - *****************************
2023-04-23 19:27:11 INFO  Log:12 - ********This is the beginning of my Test case**********
2023-04-23 19:27:11 INFO  Log:23 - My test case is executing right now
2023-04-23 19:27:11 INFO  Log:27 - My test case might have some trivial issues
2023-04-23 19:27:23 INFO  Log:23 - This test case is about to get completed
2023-04-23 19:27:23 INFO  Log:17 - ######################################
2023-04-23 19:27:23 INFO  Log:18 - ######################################
2023-04-23 19:27:23 INFO  Log:19 - #################This test case is finished#####################
2023-04-23 19:27:28 INFO  Log:10 - *****************************
2023-04-23 19:27:28 INFO  Log:11 - *****************************
2023-04-23 19:27:28 INFO  Log:12 - ********This is the beginning of my Test case**********
2023-04-23 19:27:28 INFO  Log:23 - My test case is executing right now
2023-04-23 19:27:28 INFO  Log:27 - My test case might have some trivial issues
2023-04-23 19:27:31 INFO  Log:23 - This test case is about to get completed
2023-04-23 19:27:31 INFO  Log:17 - ######################################
2023-04-23 19:27:31 INFO  Log:18 - ######################################
2023-04-23 19:27:31 INFO  Log:19 - #################This test case is finished#####################
2023-04-23 19:27:34 INFO  Log:10 - *****************************
2023-04-23 19:27:34 INFO  Log:11 - *****************************
2023-04-23 19:27:34 INFO  Log:12 - ********This is the beginning of my Test case**********
2023-04-23 19:27:34 INFO  Log:23 - My test case is executing right now
2023-04-23 19:27:34 INFO  Log:27 - My test case might have some trivial issues
2023-04-23 19:27:44 INFO  Log:23 - This test case is about to get completed
2023-04-23 19:27:44 INFO  Log:17 - ######################################
2023-04-23 19:27:44 INFO  Log:18 - ######################################
2023-04-23 19:27:44 INFO  Log:19 - #################This test case is finished#####################
2023-04-24 16:25:40 INFO  Log:10 - *****************************
2023-04-24 16:25:40 INFO  Log:11 - *****************************
2023-04-24 16:25:40 INFO  Log:12 - ********This is the beginning of my Test case**********
2023-04-24 16:25:40 INFO  Log:23 - My test case is executing right now
2023-04-24 16:25:40 INFO  Log:27 - My test case might have some trivial issues
2023-04-24 16:25:47 INFO  Log:23 - This test case is about to get completed
2023-04-24 16:25:47 INFO  Log:17 - ######################################
2023-04-24 16:25:47 INFO  Log:18 - ######################################
2023-04-24 16:25:47 INFO  Log:19 - #################This test case is finished#####################
2023-04-24 16:25:49 INFO  Log:10 - *****************************
2023-04-24 16:25:49 INFO  Log:11 - *****************************
2023-04-24 16:25:49 INFO  Log:12 - ********This is the beginning of my Test case**********
2023-04-24 16:25:49 INFO  Log:23 - My test case is executing right now
2023-04-24 16:25:49 INFO  Log:27 - My test case might have some trivial issues
2023-04-24 16:25:56 INFO  Log:23 - This test case is about to get completed
2023-04-24 16:25:56 INFO  Log:17 - ######################################
2023-04-24 16:25:56 INFO  Log:18 - ######################################
2023-04-24 16:25:56 INFO  Log:19 - #################This test case is finished#####################
2023-04-24 16:25:58 INFO  Log:10 - *****************************
2023-04-24 16:25:58 INFO  Log:11 - *****************************
2023-04-24 16:25:58 INFO  Log:12 - ********This is the beginning of my Test case**********
2023-04-24 16:25:58 INFO  Log:23 - My test case is executing right now
2023-04-24 16:25:58 INFO  Log:27 - My test case might have some trivial issues
2023-04-24 16:26:14 INFO  Log:23 - This test case is about to get completed
2023-04-24 16:26:14 INFO  Log:17 - ######################################
2023-04-24 16:26:14 INFO  Log:18 - ######################################
2023-04-24 16:26:14 INFO  Log:19 - #################This test case is finished#####################
2023-04-24 16:26:16 INFO  Log:10 - *****************************
2023-04-24 16:26:16 INFO  Log:11 - *****************************
2023-04-24 16:26:16 INFO  Log:12 - ********This is the beginning of my Test case**********
2023-04-24 16:26:16 INFO  Log:23 - My test case is executing right now
2023-04-24 16:26:16 INFO  Log:27 - My test case might have some trivial issues
2023-04-24 16:26:18 INFO  Log:10 - *****************************
2023-04-24 16:26:18 INFO  Log:11 - *****************************
2023-04-24 16:26:18 INFO  Log:12 - ********This is the beginning of my Test case**********
2023-04-24 16:26:18 INFO  Log:23 - My test case is executing right now
2023-04-24 16:26:18 INFO  Log:27 - My test case might have some trivial issues
2023-04-24 16:26:20 INFO  Log:23 - This test case is about to get completed
2023-04-24 16:26:20 INFO  Log:17 - ######################################
2023-04-24 16:26:20 INFO  Log:18 - ######################################
2023-04-24 16:26:20 INFO  Log:19 - #################This test case is finished#####################
2023-04-24 16:26:22 INFO  Log:10 - *****************************
2023-04-24 16:26:22 INFO  Log:11 - *****************************
2023-04-24 16:26:22 INFO  Log:12 - ********This is the beginning of my Test case**********
2023-04-24 16:26:22 INFO  Log:23 - My test case is executing right now
2023-04-24 16:26:22 INFO  Log:27 - My test case might have some trivial issues
2023-04-24 16:26:24 INFO  Log:23 - This test case is about to get completed
2023-04-24 16:26:24 INFO  Log:17 - ######################################
2023-04-24 16:26:24 INFO  Log:18 - ######################################
2023-04-24 16:26:24 INFO  Log:19 - #################This test case is finished#####################
2023-04-24 16:26:26 INFO  Log:10 - *****************************
2023-04-24 16:26:26 INFO  Log:11 - *****************************
2023-04-24 16:26:26 INFO  Log:12 - ********This is the beginning of my Test case**********
2023-04-24 16:26:26 INFO  Log:23 - My test case is executing right now
2023-04-24 16:26:26 INFO  Log:27 - My test case might have some trivial issues
2023-04-24 16:26:28 INFO  Log:23 - This test case is about to get completed
2023-04-24 16:26:28 INFO  Log:17 - ######################################
2023-04-24 16:26:28 INFO  Log:18 - ######################################
2023-04-24 16:26:28 INFO  Log:19 - #################This test case is finished#####################
2023-04-24 16:26:31 INFO  Log:10 - *****************************
2023-04-24 16:26:31 INFO  Log:11 - *****************************
2023-04-24 16:26:31 INFO  Log:12 - ********This is the beginning of my Test case**********
2023-04-24 16:26:31 INFO  Log:23 - My test case is executing right now
2023-04-24 16:26:31 INFO  Log:27 - My test case might have some trivial issues
2023-04-24 16:26:33 INFO  Log:23 - This test case is about to get completed
2023-04-24 16:26:33 INFO  Log:17 - ######################################
2023-04-24 16:26:33 INFO  Log:18 - ######################################
2023-04-24 16:26:33 INFO  Log:19 - #################This test case is finished#####################
2023-04-24 16:26:35 INFO  Log:10 - *****************************
2023-04-24 16:26:35 INFO  Log:11 - *****************************
2023-04-24 16:26:35 INFO  Log:12 - ********This is the beginning of my Test case**********
2023-04-24 16:26:35 INFO  Log:23 - My test case is executing right now
2023-04-24 16:26:35 INFO  Log:27 - My test case might have some trivial issues
2023-04-24 16:26:36 INFO  Log:23 - This test case is about to get completed
2023-04-24 16:26:36 INFO  Log:17 - ######################################
2023-04-24 16:26:36 INFO  Log:18 - ######################################
2023-04-24 16:26:36 INFO  Log:19 - #################This test case is finished#####################
2023-04-24 16:26:38 INFO  Log:10 - *****************************
2023-04-24 16:26:38 INFO  Log:11 - *****************************
2023-04-24 16:26:38 INFO  Log:12 - ********This is the beginning of my Test case**********
2023-04-24 16:26:38 INFO  Log:23 - My test case is executing right now
2023-04-24 16:26:38 INFO  Log:27 - My test case might have some trivial issues
2023-04-24 16:26:46 INFO  Log:23 - This test case is about to get completed
2023-04-24 16:26:46 INFO  Log:17 - ######################################
2023-04-24 16:26:46 INFO  Log:18 - ######################################
2023-04-24 16:26:46 INFO  Log:19 - #################This test case is finished#####################
2023-05-05 22:02:20 INFO  Log:10 - *****************************
2023-05-05 22:02:20 INFO  Log:11 - *****************************
2023-05-05 22:02:20 INFO  Log:12 - ********This is the beginning of my Test case**********
2023-05-05 22:02:20 INFO  Log:23 - My test case is executing right now
2023-05-05 22:02:20 INFO  Log:27 - My test case might have some trivial issues
2023-05-05 22:02:25 INFO  Log:23 - This test case is about to get completed
2023-05-05 22:02:25 INFO  Log:17 - ######################################
2023-05-05 22:02:25 INFO  Log:18 - ######################################
2023-05-05 22:02:25 INFO  Log:19 - #################This test case is finished#####################
2023-05-05 22:02:27 INFO  Log:10 - *****************************
2023-05-05 22:02:27 INFO  Log:11 - *****************************
2023-05-05 22:02:27 INFO  Log:12 - ********This is the beginning of my Test case**********
2023-05-05 22:02:27 INFO  Log:23 - My test case is executing right now
2023-05-05 22:02:27 INFO  Log:27 - My test case might have some trivial issues
2023-05-05 22:02:33 INFO  Log:23 - This test case is about to get completed
2023-05-05 22:02:33 INFO  Log:17 - ######################################
2023-05-05 22:02:33 INFO  Log:18 - ######################################
2023-05-05 22:02:33 INFO  Log:19 - #################This test case is finished#####################
2023-05-05 22:02:35 INFO  Log:10 - *****************************
2023-05-05 22:02:35 INFO  Log:11 - *****************************
2023-05-05 22:02:35 INFO  Log:12 - ********This is the beginning of my Test case**********
2023-05-05 22:02:35 INFO  Log:23 - My test case is executing right now
2023-05-05 22:02:35 INFO  Log:27 - My test case might have some trivial issues
2023-05-05 22:02:49 INFO  Log:23 - This test case is about to get completed
2023-05-05 22:02:49 INFO  Log:17 - ######################################
2023-05-05 22:02:49 INFO  Log:18 - ######################################
2023-05-05 22:02:49 INFO  Log:19 - #################This test case is finished#####################
2023-05-05 22:02:51 INFO  Log:10 - *****************************
2023-05-05 22:02:51 INFO  Log:11 - *****************************
2023-05-05 22:02:51 INFO  Log:12 - ********This is the beginning of my Test case**********
2023-05-05 22:02:51 INFO  Log:23 - My test case is executing right now
2023-05-05 22:02:51 INFO  Log:27 - My test case might have some trivial issues
2023-05-05 22:02:52 INFO  Log:10 - *****************************
2023-05-05 22:02:52 INFO  Log:11 - *****************************
2023-05-05 22:02:52 INFO  Log:12 - ********This is the beginning of my Test case**********
2023-05-05 22:02:52 INFO  Log:23 - My test case is executing right now
2023-05-05 22:02:52 INFO  Log:27 - My test case might have some trivial issues
2023-05-05 22:02:55 INFO  Log:23 - This test case is about to get completed
2023-05-05 22:02:55 INFO  Log:17 - ######################################
2023-05-05 22:02:55 INFO  Log:18 - ######################################
2023-05-05 22:02:55 INFO  Log:19 - #################This test case is finished#####################
2023-05-05 22:02:56 INFO  Log:10 - *****************************
2023-05-05 22:02:56 INFO  Log:11 - *****************************
2023-05-05 22:02:56 INFO  Log:12 - ********This is the beginning of my Test case**********
2023-05-05 22:02:56 INFO  Log:23 - My test case is executing right now
2023-05-05 22:02:56 INFO  Log:27 - My test case might have some trivial issues
2023-05-05 22:02:59 INFO  Log:23 - This test case is about to get completed
2023-05-05 22:02:59 INFO  Log:17 - ######################################
2023-05-05 22:02:59 INFO  Log:18 - ######################################
2023-05-05 22:02:59 INFO  Log:19 - #################This test case is finished#####################
2023-05-05 22:03:00 INFO  Log:10 - *****************************
2023-05-05 22:03:00 INFO  Log:11 - *****************************
2023-05-05 22:03:00 INFO  Log:12 - ********This is the beginning of my Test case**********
2023-05-05 22:03:00 INFO  Log:23 - My test case is executing right now
2023-05-05 22:03:00 INFO  Log:27 - My test case might have some trivial issues
2023-05-05 22:03:03 INFO  Log:23 - This test case is about to get completed
2023-05-05 22:03:03 INFO  Log:17 - ######################################
2023-05-05 22:03:03 INFO  Log:18 - ######################################
2023-05-05 22:03:03 INFO  Log:19 - #################This test case is finished#####################
2023-05-05 22:03:05 INFO  Log:10 - *****************************
2023-05-05 22:03:05 INFO  Log:11 - *****************************
2023-05-05 22:03:05 INFO  Log:12 - ********This is the beginning of my Test case**********
2023-05-05 22:03:05 INFO  Log:23 - My test case is executing right now
2023-05-05 22:03:05 INFO  Log:27 - My test case might have some trivial issues
2023-05-05 22:03:07 INFO  Log:23 - This test case is about to get completed
2023-05-05 22:03:07 INFO  Log:17 - ######################################
2023-05-05 22:03:07 INFO  Log:18 - ######################################
2023-05-05 22:03:07 INFO  Log:19 - #################This test case is finished#####################
2023-05-05 22:03:09 INFO  Log:10 - *****************************
2023-05-05 22:03:09 INFO  Log:11 - *****************************
2023-05-05 22:03:09 INFO  Log:12 - ********This is the beginning of my Test case**********
2023-05-05 22:03:09 INFO  Log:23 - My test case is executing right now
2023-05-05 22:03:09 INFO  Log:27 - My test case might have some trivial issues
2023-05-05 22:03:11 INFO  Log:23 - This test case is about to get completed
2023-05-05 22:03:11 INFO  Log:17 - ######################################
2023-05-05 22:03:11 INFO  Log:18 - ######################################
2023-05-05 22:03:11 INFO  Log:19 - #################This test case is finished#####################
2023-05-05 22:03:13 INFO  Log:10 - *****************************
2023-05-05 22:03:13 INFO  Log:11 - *****************************
2023-05-05 22:03:13 INFO  Log:12 - ********This is the beginning of my Test case**********
2023-05-05 22:03:13 INFO  Log:23 - My test case is executing right now
2023-05-05 22:03:13 INFO  Log:27 - My test case might have some trivial issues
2023-05-05 22:03:19 INFO  Log:23 - This test case is about to get completed
2023-05-05 22:03:19 INFO  Log:17 - ######################################
2023-05-05 22:03:19 INFO  Log:18 - ######################################
2023-05-05 22:03:19 INFO  Log:19 - #################This test case is finished#####################
2023-05-05 22:05:05 INFO  Log:10 - *****************************
2023-05-05 22:05:05 INFO  Log:11 - *****************************
2023-05-05 22:05:05 INFO  Log:12 - ********This is the beginning of my Test case**********
2023-05-05 22:05:05 INFO  Log:23 - My test case is executing right now
2023-05-05 22:05:05 INFO  Log:27 - My test case might have some trivial issues
2023-05-05 22:05:11 INFO  Log:23 - This test case is about to get completed
2023-05-05 22:05:11 INFO  Log:17 - ######################################
2023-05-05 22:05:11 INFO  Log:18 - ######################################
2023-05-05 22:05:11 INFO  Log:19 - #################This test case is finished#####################
2023-05-05 22:05:12 INFO  Log:10 - *****************************
2023-05-05 22:05:12 INFO  Log:11 - *****************************
2023-05-05 22:05:12 INFO  Log:12 - ********This is the beginning of my Test case**********
2023-05-05 22:05:12 INFO  Log:23 - My test case is executing right now
2023-05-05 22:05:12 INFO  Log:27 - My test case might have some trivial issues
2023-05-05 22:05:18 INFO  Log:23 - This test case is about to get completed
2023-05-05 22:05:18 INFO  Log:17 - ######################################
2023-05-05 22:05:18 INFO  Log:18 - ######################################
2023-05-05 22:05:18 INFO  Log:19 - #################This test case is finished#####################
2023-05-05 22:05:20 INFO  Log:10 - *****************************
2023-05-05 22:05:20 INFO  Log:11 - *****************************
2023-05-05 22:05:20 INFO  Log:12 - ********This is the beginning of my Test case**********
2023-05-05 22:05:20 INFO  Log:23 - My test case is executing right now
2023-05-05 22:05:20 INFO  Log:27 - My test case might have some trivial issues
2023-05-05 22:05:33 INFO  Log:23 - This test case is about to get completed
2023-05-05 22:05:33 INFO  Log:17 - ######################################
2023-05-05 22:05:33 INFO  Log:18 - ######################################
2023-05-05 22:05:33 INFO  Log:19 - #################This test case is finished#####################
2023-05-05 22:05:35 INFO  Log:10 - *****************************
2023-05-05 22:05:35 INFO  Log:11 - *****************************
2023-05-05 22:05:35 INFO  Log:12 - ********This is the beginning of my Test case**********
2023-05-05 22:05:35 INFO  Log:23 - My test case is executing right now
2023-05-05 22:05:35 INFO  Log:27 - My test case might have some trivial issues
2023-05-05 22:05:37 INFO  Log:10 - *****************************
2023-05-05 22:05:37 INFO  Log:11 - *****************************
2023-05-05 22:05:37 INFO  Log:12 - ********This is the beginning of my Test case**********
2023-05-05 22:05:37 INFO  Log:23 - My test case is executing right now
2023-05-05 22:05:37 INFO  Log:27 - My test case might have some trivial issues
2023-05-05 22:05:39 INFO  Log:23 - This test case is about to get completed
2023-05-05 22:05:39 INFO  Log:17 - ######################################
2023-05-05 22:05:39 INFO  Log:18 - ######################################
2023-05-05 22:05:39 INFO  Log:19 - #################This test case is finished#####################
2023-05-05 22:05:40 INFO  Log:10 - *****************************
2023-05-05 22:05:40 INFO  Log:11 - *****************************
2023-05-05 22:05:40 INFO  Log:12 - ********This is the beginning of my Test case**********
2023-05-05 22:05:40 INFO  Log:23 - My test case is executing right now
2023-05-05 22:05:40 INFO  Log:27 - My test case might have some trivial issues
2023-05-05 22:05:42 INFO  Log:23 - This test case is about to get completed
2023-05-05 22:05:42 INFO  Log:17 - ######################################
2023-05-05 22:05:42 INFO  Log:18 - ######################################
2023-05-05 22:05:42 INFO  Log:19 - #################This test case is finished#####################
2023-05-05 22:05:44 INFO  Log:10 - *****************************
2023-05-05 22:05:44 INFO  Log:11 - *****************************
2023-05-05 22:05:44 INFO  Log:12 - ********This is the beginning of my Test case**********
2023-05-05 22:05:44 INFO  Log:23 - My test case is executing right now
2023-05-05 22:05:44 INFO  Log:27 - My test case might have some trivial issues
2023-05-05 22:05:46 INFO  Log:23 - This test case is about to get completed
2023-05-05 22:05:46 INFO  Log:17 - ######################################
2023-05-05 22:05:46 INFO  Log:18 - ######################################
2023-05-05 22:05:46 INFO  Log:19 - #################This test case is finished#####################
2023-05-05 22:05:49 INFO  Log:10 - *****************************
2023-05-05 22:05:49 INFO  Log:11 - *****************************
2023-05-05 22:05:49 INFO  Log:12 - ********This is the beginning of my Test case**********
2023-05-05 22:05:49 INFO  Log:23 - My test case is executing right now
2023-05-05 22:05:49 INFO  Log:27 - My test case might have some trivial issues
2023-05-05 22:05:52 INFO  Log:23 - This test case is about to get completed
2023-05-05 22:05:52 INFO  Log:17 - ######################################
2023-05-05 22:05:52 INFO  Log:18 - ######################################
2023-05-05 22:05:52 INFO  Log:19 - #################This test case is finished#####################
2023-05-05 22:05:54 INFO  Log:10 - *****************************
2023-05-05 22:05:54 INFO  Log:11 - *****************************
2023-05-05 22:05:54 INFO  Log:12 - ********This is the beginning of my Test case**********
2023-05-05 22:05:54 INFO  Log:23 - My test case is executing right now
2023-05-05 22:05:54 INFO  Log:27 - My test case might have some trivial issues
2023-05-05 22:05:56 INFO  Log:23 - This test case is about to get completed
2023-05-05 22:05:56 INFO  Log:17 - ######################################
2023-05-05 22:05:56 INFO  Log:18 - ######################################
2023-05-05 22:05:56 INFO  Log:19 - #################This test case is finished#####################
2023-05-05 22:05:57 INFO  Log:10 - *****************************
2023-05-05 22:05:57 INFO  Log:11 - *****************************
2023-05-05 22:05:57 INFO  Log:12 - ********This is the beginning of my Test case**********
2023-05-05 22:05:57 INFO  Log:23 - My test case is executing right now
2023-05-05 22:05:57 INFO  Log:27 - My test case might have some trivial issues
2023-05-05 22:06:04 INFO  Log:23 - This test case is about to get completed
2023-05-05 22:06:04 INFO  Log:17 - ######################################
2023-05-05 22:06:04 INFO  Log:18 - ######################################
2023-05-05 22:06:04 INFO  Log:19 - #################This test case is finished#####################
2023-05-09 20:28:30 INFO  Log:10 - *****************************
2023-05-09 20:28:30 INFO  Log:11 - *****************************
2023-05-09 20:28:30 INFO  Log:12 - ********This is the beginning of my Test case**********
2023-05-09 20:28:30 INFO  Log:23 - My test case is executing right now
2023-05-09 20:28:30 INFO  Log:27 - My test case might have some trivial issues
2023-05-09 20:28:33 INFO  Log:10 - *****************************
2023-05-09 20:28:33 INFO  Log:11 - *****************************
2023-05-09 20:28:33 INFO  Log:12 - ********This is the beginning of my Test case**********
2023-05-09 20:28:33 INFO  Log:23 - My test case is executing right now
2023-05-09 20:28:33 INFO  Log:27 - My test case might have some trivial issues
2023-05-09 20:28:36 INFO  Log:10 - *****************************
2023-05-09 20:28:36 INFO  Log:11 - *****************************
2023-05-09 20:28:36 INFO  Log:12 - ********This is the beginning of my Test case**********
2023-05-09 20:28:36 INFO  Log:23 - My test case is executing right now
2023-05-09 20:28:36 INFO  Log:27 - My test case might have some trivial issues
2023-05-09 20:28:38 INFO  Log:10 - *****************************
2023-05-09 20:28:38 INFO  Log:11 - *****************************
2023-05-09 20:28:38 INFO  Log:12 - ********This is the beginning of my Test case**********
2023-05-09 20:28:38 INFO  Log:23 - My test case is executing right now
2023-05-09 20:28:38 INFO  Log:27 - My test case might have some trivial issues
2023-05-09 20:28:40 INFO  Log:10 - *****************************
2023-05-09 20:28:40 INFO  Log:11 - *****************************
2023-05-09 20:28:40 INFO  Log:12 - ********This is the beginning of my Test case**********
2023-05-09 20:28:40 INFO  Log:23 - My test case is executing right now
2023-05-09 20:28:40 INFO  Log:27 - My test case might have some trivial issues
2023-05-09 20:28:43 INFO  Log:23 - This test case is about to get completed
2023-05-09 20:28:43 INFO  Log:17 - ######################################
2023-05-09 20:28:43 INFO  Log:18 - ######################################
2023-05-09 20:28:43 INFO  Log:19 - #################This test case is finished#####################
2023-05-13 12:22:51 INFO  Log:10 - *****************************
2023-05-13 12:22:51 INFO  Log:11 - *****************************
2023-05-13 12:22:51 INFO  Log:12 - ********This is the beginning of my Test case**********
2023-05-13 12:22:51 INFO  Log:23 - My test case is executing right now
2023-05-13 12:22:51 INFO  Log:27 - My test case might have some trivial issues
2023-05-13 12:22:56 INFO  Log:23 - This test case is about to get completed
2023-05-13 12:22:56 INFO  Log:17 - ######################################
2023-05-13 12:22:56 INFO  Log:18 - ######################################
2023-05-13 12:22:56 INFO  Log:19 - #################This test case is finished#####################
2023-05-13 12:22:59 INFO  Log:10 - *****************************
2023-05-13 12:22:59 INFO  Log:11 - *****************************
2023-05-13 12:22:59 INFO  Log:12 - ********This is the beginning of my Test case**********
2023-05-13 12:22:59 INFO  Log:23 - My test case is executing right now
2023-05-13 12:22:59 INFO  Log:27 - My test case might have some trivial issues
2023-05-13 12:23:07 INFO  Log:23 - This test case is about to get completed
2023-05-13 12:23:07 INFO  Log:17 - ######################################
2023-05-13 12:23:07 INFO  Log:18 - ######################################
2023-05-13 12:23:07 INFO  Log:19 - #################This test case is finished#####################
2023-05-13 12:27:53 INFO  Log:10 - *****************************
2023-05-13 12:27:53 INFO  Log:11 - *****************************
2023-05-13 12:27:53 INFO  Log:12 - ********This is the beginning of my Test case**********
2023-05-13 12:27:53 INFO  Log:23 - My test case is executing right now
2023-05-13 12:27:53 INFO  Log:27 - My test case might have some trivial issues
2023-05-13 12:28:00 INFO  Log:23 - This test case is about to get completed
2023-05-13 12:28:00 INFO  Log:17 - ######################################
2023-05-13 12:28:00 INFO  Log:18 - ######################################
2023-05-13 12:28:00 INFO  Log:19 - #################This test case is finished#####################
2023-05-13 12:28:02 INFO  Log:10 - *****************************
2023-05-13 12:28:02 INFO  Log:11 - *****************************
2023-05-13 12:28:02 INFO  Log:12 - ********This is the beginning of my Test case**********
2023-05-13 12:28:02 INFO  Log:23 - My test case is executing right now
2023-05-13 12:28:02 INFO  Log:27 - My test case might have some trivial issues
2023-05-13 12:28:10 INFO  Log:23 - This test case is about to get completed
2023-05-13 12:28:10 INFO  Log:17 - ######################################
2023-05-13 12:28:10 INFO  Log:18 - ######################################
2023-05-13 12:28:10 INFO  Log:19 - #################This test case is finished#####################
2023-05-13 12:28:12 INFO  Log:10 - *****************************
2023-05-13 12:28:12 INFO  Log:11 - *****************************
2023-05-13 12:28:12 INFO  Log:12 - ********This is the beginning of my Test case**********
2023-05-13 12:28:12 INFO  Log:23 - My test case is executing right now
2023-05-13 12:28:12 INFO  Log:27 - My test case might have some trivial issues
2023-05-13 12:28:18 INFO  Log:23 - This test case is about to get completed
2023-05-13 12:28:18 INFO  Log:17 - ######################################
2023-05-13 12:28:18 INFO  Log:18 - ######################################
2023-05-13 12:28:18 INFO  Log:19 - #################This test case is finished#####################
2023-05-13 12:28:19 INFO  Log:10 - *****************************
2023-05-13 12:28:19 INFO  Log:11 - *****************************
2023-05-13 12:28:19 INFO  Log:12 - ********This is the beginning of my Test case**********
2023-05-13 12:28:19 INFO  Log:23 - My test case is executing right now
2023-05-13 12:28:19 INFO  Log:27 - My test case might have some trivial issues
2023-05-13 12:28:29 INFO  Log:23 - This test case is about to get completed
2023-05-13 12:28:29 INFO  Log:17 - ######################################
2023-05-13 12:28:29 INFO  Log:18 - ######################################
2023-05-13 12:28:29 INFO  Log:19 - #################This test case is finished#####################
2023-05-13 12:28:31 INFO  Log:10 - *****************************
2023-05-13 12:28:31 INFO  Log:11 - *****************************
2023-05-13 12:28:31 INFO  Log:12 - ********This is the beginning of my Test case**********
2023-05-13 12:28:31 INFO  Log:23 - My test case is executing right now
2023-05-13 12:28:31 INFO  Log:27 - My test case might have some trivial issues
2023-05-13 12:28:32 INFO  Log:10 - *****************************
2023-05-13 12:28:32 INFO  Log:11 - *****************************
2023-05-13 12:28:32 INFO  Log:12 - ********This is the beginning of my Test case**********
2023-05-13 12:28:32 INFO  Log:23 - My test case is executing right now
2023-05-13 12:28:32 INFO  Log:27 - My test case might have some trivial issues
2023-05-13 12:28:34 INFO  Log:23 - This test case is about to get completed
2023-05-13 12:28:34 INFO  Log:17 - ######################################
2023-05-13 12:28:34 INFO  Log:18 - ######################################
2023-05-13 12:28:34 INFO  Log:19 - #################This test case is finished#####################
2023-05-13 12:28:36 INFO  Log:10 - *****************************
2023-05-13 12:28:36 INFO  Log:11 - *****************************
2023-05-13 12:28:36 INFO  Log:12 - ********This is the beginning of my Test case**********
2023-05-13 12:28:36 INFO  Log:23 - My test case is executing right now
2023-05-13 12:28:36 INFO  Log:27 - My test case might have some trivial issues
2023-05-13 12:28:39 INFO  Log:23 - This test case is about to get completed
2023-05-13 12:28:39 INFO  Log:17 - ######################################
2023-05-13 12:28:39 INFO  Log:18 - ######################################
2023-05-13 12:28:39 INFO  Log:19 - #################This test case is finished#####################
2023-05-13 12:28:43 INFO  Log:10 - *****************************
2023-05-13 12:28:43 INFO  Log:11 - *****************************
2023-05-13 12:28:43 INFO  Log:12 - ********This is the beginning of my Test case**********
2023-05-13 12:28:43 INFO  Log:23 - My test case is executing right now
2023-05-13 12:28:43 INFO  Log:27 - My test case might have some trivial issues
2023-05-13 12:28:46 INFO  Log:23 - This test case is about to get completed
2023-05-13 12:28:46 INFO  Log:17 - ######################################
2023-05-13 12:28:46 INFO  Log:18 - ######################################
2023-05-13 12:28:46 INFO  Log:19 - #################This test case is finished#####################
2023-05-13 12:28:48 INFO  Log:10 - *****************************
2023-05-13 12:28:48 INFO  Log:11 - *****************************
2023-05-13 12:28:48 INFO  Log:12 - ********This is the beginning of my Test case**********
2023-05-13 12:28:48 INFO  Log:23 - My test case is executing right now
2023-05-13 12:28:48 INFO  Log:27 - My test case might have some trivial issues
2023-05-13 12:28:50 INFO  Log:23 - This test case is about to get completed
2023-05-13 12:28:50 INFO  Log:17 - ######################################
2023-05-13 12:28:50 INFO  Log:18 - ######################################
2023-05-13 12:28:50 INFO  Log:19 - #################This test case is finished#####################
2023-05-13 12:28:51 INFO  Log:10 - *****************************
2023-05-13 12:28:51 INFO  Log:11 - *****************************
2023-05-13 12:28:51 INFO  Log:12 - ********This is the beginning of my Test case**********
2023-05-13 12:28:51 INFO  Log:23 - My test case is executing right now
2023-05-13 12:28:51 INFO  Log:27 - My test case might have some trivial issues
2023-05-13 12:28:54 INFO  Log:23 - This test case is about to get completed
2023-05-13 12:28:54 INFO  Log:17 - ######################################
2023-05-13 12:28:54 INFO  Log:18 - ######################################
2023-05-13 12:28:54 INFO  Log:19 - #################This test case is finished#####################
2023-05-13 12:28:56 INFO  Log:10 - *****************************
2023-05-13 12:28:56 INFO  Log:11 - *****************************
2023-05-13 12:28:56 INFO  Log:12 - ********This is the beginning of my Test case**********
2023-05-13 12:28:56 INFO  Log:23 - My test case is executing right now
2023-05-13 12:28:56 INFO  Log:27 - My test case might have some trivial issues
2023-05-13 12:29:03 INFO  Log:23 - This test case is about to get completed
2023-05-13 12:29:03 INFO  Log:17 - ######################################
2023-05-13 12:29:03 INFO  Log:18 - ######################################
2023-05-13 12:29:03 INFO  Log:19 - #################This test case is finished#####################
2023-05-13 12:42:48 INFO  Log:10 - *****************************
2023-05-13 12:42:48 INFO  Log:11 - *****************************
2023-05-13 12:42:48 INFO  Log:12 - ********This is the beginning of my Test case**********
2023-05-13 12:42:48 INFO  Log:23 - My test case is executing right now
2023-05-13 12:42:48 INFO  Log:27 - My test case might have some trivial issues
2023-05-13 12:42:56 INFO  Log:23 - This test case is about to get completed
2023-05-13 12:42:56 INFO  Log:17 - ######################################
2023-05-13 12:42:56 INFO  Log:18 - ######################################
2023-05-13 12:42:56 INFO  Log:19 - #################This test case is finished#####################
2023-05-31 15:29:28 INFO  Log:10 - *****************************
2023-05-31 15:29:28 INFO  Log:11 - *****************************
2023-05-31 15:29:28 INFO  Log:12 - ********This is the beginning of my Test case**********
2023-05-31 15:29:28 INFO  Log:23 - My test case is executing right now
2023-05-31 15:29:28 INFO  Log:27 - My test case might have some trivial issues
2023-05-31 15:29:37 INFO  Log:23 - This test case is about to get completed
2023-05-31 15:29:37 INFO  Log:17 - ######################################
2023-05-31 15:29:37 INFO  Log:18 - ######################################
2023-05-31 15:29:37 INFO  Log:19 - #################This test case is finished#####################
